<?xml version="1.0" encoding="UTF-8"?>
<testng-results ignored="0" total="1" passed="1" failed="0" skipped="0">
  <reporter-output>
  </reporter-output>
  <suite started-at="2021-10-15T13:44:07 IST" name="Default suite" finished-at="2021-10-15T13:44:08 IST" duration-ms="240">
    <groups>
    </groups>
    <test started-at="2021-10-15T13:44:07 IST" name="Default test" finished-at="2021-10-15T13:44:08 IST" duration-ms="240">
      <class name="com.sushen.selenium.Demo">
        <test-method signature="m1()[pri:0, instance:com.sushen.selenium.Demo@7c24b813]" started-at="2021-10-15T13:44:07 IST" name="m1" finished-at="2021-10-15T13:44:08 IST" duration-ms="200" status="PASS">
          <reporter-output>
          </reporter-output>
        </test-method> <!-- m1 -->
      </class> <!-- com.sushen.selenium.Demo -->
    </test> <!-- Default test -->
  </suite> <!-- Default suite -->
</testng-results>
